TN:
SF:/Users/purneshdixit/Documents/JavaScriptDevKit/buildScripts/testSetup.js
FN:7,(anonymous_0)
FNF:1
FNH:1
FNDA:1,(anonymous_0)
DA:4,1
DA:7,1
LF:2
LH:2
BRF:0
BRH:0
end_of_record
TN:
SF:/Users/purneshdixit/Documents/JavaScriptDevKit/src/index.js
FN:7,(anonymous_0)
FN:10,(anonymous_1)
FN:26,(anonymous_2)
FN:27,(anonymous_3)
FNF:4
FNH:0
FNDA:0,(anonymous_0)
FNDA:0,(anonymous_1)
FNDA:0,(anonymous_2)
FNDA:0,(anonymous_3)
DA:7,0
DA:8,0
DA:10,0
DA:11,0
DA:20,0
DA:22,0
DA:26,0
DA:27,0
DA:28,0
DA:29,0
DA:30,0
DA:31,0
DA:32,0
DA:37,0
DA:38,0
LF:15
LH:0
BRF:0
BRH:0
end_of_record
TN:
SF:/Users/purneshdixit/Documents/JavaScriptDevKit/src/api/baseUrl.js
FN:3,getBaseUrl
FNF:1
FNH:1
FNDA:1,getBaseUrl
DA:4,1
DA:5,0
LF:2
LH:1
BRDA:5,0,0,0
BRDA:5,0,1,0
BRF:2
BRH:0
end_of_record
TN:
SF:/Users/purneshdixit/Documents/JavaScriptDevKit/src/api/userApi.js
FN:10,getUsers
FN:14,deleteUser
FN:18,get
FN:22,del
FN:30,onSuccess
FN:35,onError
FNF:6
FNH:0
FNDA:0,getUsers
FNDA:0,deleteUser
FNDA:0,get
FNDA:0,del
FNDA:0,onSuccess
FNDA:0,onError
DA:8,1
DA:11,0
DA:15,0
DA:19,0
DA:23,0
DA:27,0
DA:31,0
DA:36,0
LF:8
LH:1
BRF:0
BRH:0
end_of_record
